[0.047s] DEBUG:colcon:Command line arguments: ['/usr/bin/colcon', 'build', '--symlink-install']
[0.047s] DEBUG:colcon:Parsed command line arguments: Namespace(log_base=None, log_level=None, verb_name='build', build_base='build', install_base='install', merge_install=False, symlink_install=True, test_result_base=None, continue_on_error=False, executor='parallel', parallel_workers=32, event_handlers=None, ignore_user_meta=False, metas=['./colcon.meta'], base_paths=['.'], packages_ignore=None, packages_ignore_regex=None, paths=None, packages_up_to=None, packages_up_to_regex=None, packages_above=None, packages_above_and_dependencies=None, packages_above_depth=None, packages_select_by_dep=None, packages_skip_by_dep=None, packages_skip_up_to=None, packages_select_build_failed=False, packages_skip_build_finished=False, packages_select_test_failures=False, packages_skip_test_passed=False, packages_select=None, packages_skip=None, packages_select_regex=None, packages_skip_regex=None, packages_start=None, packages_end=None, allow_overriding=[], cmake_args=None, cmake_target=None, cmake_target_skip_unavailable=False, cmake_clean_cache=False, cmake_clean_first=False, cmake_force_configure=False, ament_cmake_args=None, catkin_cmake_args=None, catkin_skip_building_tests=False, mixin_files=None, mixin=None, verb_parser=<colcon_mixin.mixin.mixin_argument.MixinArgumentDecorator object at 0x7a7e0cb4e350>, verb_extension=<colcon_core.verb.build.BuildVerb object at 0x7a7e0cc673a0>, main=<bound method BuildVerb.main of <colcon_core.verb.build.BuildVerb object at 0x7a7e0cc673a0>>, mixin_verb=('build',))
[0.115s] Level 1:colcon.colcon_core.package_discovery:discover_packages(colcon_meta) check parameters
[0.115s] Level 1:colcon.colcon_core.package_discovery:discover_packages(recursive) check parameters
[0.115s] Level 1:colcon.colcon_core.package_discovery:discover_packages(ignore) check parameters
[0.115s] Level 1:colcon.colcon_core.package_discovery:discover_packages(path) check parameters
[0.115s] Level 1:colcon.colcon_core.package_discovery:discover_packages(colcon_meta) discover
[0.115s] Level 1:colcon.colcon_core.package_discovery:discover_packages(recursive) discover
[0.115s] INFO:colcon.colcon_core.package_discovery:Crawling recursively for packages in '/home/sora/slam-arena4'
[0.115s] Level 1:colcon.colcon_core.package_identification:_identify(.) by extensions ['ignore', 'ignore_ament_install']
[0.115s] Level 1:colcon.colcon_core.package_identification:_identify(.) by extension 'ignore'
[0.115s] Level 1:colcon.colcon_core.package_identification:_identify(.) by extension 'ignore_ament_install'
[0.115s] Level 1:colcon.colcon_core.package_identification:_identify(.) by extensions ['colcon_pkg']
[0.115s] Level 1:colcon.colcon_core.package_identification:_identify(.) by extension 'colcon_pkg'
[0.115s] Level 1:colcon.colcon_core.package_identification:_identify(.) by extensions ['colcon_meta']
[0.115s] Level 1:colcon.colcon_core.package_identification:_identify(.) by extension 'colcon_meta'
[0.115s] Level 1:colcon.colcon_core.package_identification:_identify(.) by extensions ['ros']
[0.115s] Level 1:colcon.colcon_core.package_identification:_identify(.) by extension 'ros'
[0.120s] Level 1:colcon.colcon_core.package_identification:_identify(.) by extensions ['cmake', 'python']
[0.120s] Level 1:colcon.colcon_core.package_identification:_identify(.) by extension 'cmake'
[0.120s] Level 1:colcon.colcon_core.package_identification:_identify(.) by extension 'python'
[0.120s] Level 1:colcon.colcon_core.package_identification:_identify(.) by extensions ['python_setup_py']
[0.120s] Level 1:colcon.colcon_core.package_identification:_identify(.) by extension 'python_setup_py'
[0.120s] Level 1:colcon.colcon_core.package_identification:_identify(build) by extensions ['ignore', 'ignore_ament_install']
[0.120s] Level 1:colcon.colcon_core.package_identification:_identify(build) by extension 'ignore'
[0.120s] Level 1:colcon.colcon_core.package_identification:_identify(build) ignored
[0.120s] Level 1:colcon.colcon_core.package_identification:_identify(install) by extensions ['ignore', 'ignore_ament_install']
[0.120s] Level 1:colcon.colcon_core.package_identification:_identify(install) by extension 'ignore'
[0.120s] Level 1:colcon.colcon_core.package_identification:_identify(install) ignored
[0.120s] Level 1:colcon.colcon_core.package_identification:_identify(libuvc) by extensions ['ignore', 'ignore_ament_install']
[0.120s] Level 1:colcon.colcon_core.package_identification:_identify(libuvc) by extension 'ignore'
[0.120s] Level 1:colcon.colcon_core.package_identification:_identify(libuvc) by extension 'ignore_ament_install'
[0.120s] Level 1:colcon.colcon_core.package_identification:_identify(libuvc) by extensions ['colcon_pkg']
[0.120s] Level 1:colcon.colcon_core.package_identification:_identify(libuvc) by extension 'colcon_pkg'
[0.120s] Level 1:colcon.colcon_core.package_identification:_identify(libuvc) by extensions ['colcon_meta']
[0.120s] Level 1:colcon.colcon_core.package_identification:_identify(libuvc) by extension 'colcon_meta'
[0.120s] Level 1:colcon.colcon_core.package_identification:_identify(libuvc) by extensions ['ros']
[0.120s] Level 1:colcon.colcon_core.package_identification:_identify(libuvc) by extension 'ros'
[0.120s] Level 1:colcon.colcon_core.package_identification:_identify(libuvc) by extensions ['cmake', 'python']
[0.120s] Level 1:colcon.colcon_core.package_identification:_identify(libuvc) by extension 'cmake'
[0.123s] Level 1:colcon.colcon_core.package_identification:_identify(libuvc) by extension 'python'
[0.123s] DEBUG:colcon.colcon_core.package_identification:Package 'libuvc' with type 'cmake' and name 'libuvc'
[0.123s] Level 1:colcon.colcon_core.package_identification:_identify(log) by extensions ['ignore', 'ignore_ament_install']
[0.123s] Level 1:colcon.colcon_core.package_identification:_identify(log) by extension 'ignore'
[0.123s] Level 1:colcon.colcon_core.package_identification:_identify(log) ignored
[0.123s] Level 1:colcon.colcon_core.package_identification:_identify(ros2slam) by extensions ['ignore', 'ignore_ament_install']
[0.123s] Level 1:colcon.colcon_core.package_identification:_identify(ros2slam) by extension 'ignore'
[0.123s] Level 1:colcon.colcon_core.package_identification:_identify(ros2slam) by extension 'ignore_ament_install'
[0.123s] Level 1:colcon.colcon_core.package_identification:_identify(ros2slam) by extensions ['colcon_pkg']
[0.123s] Level 1:colcon.colcon_core.package_identification:_identify(ros2slam) by extension 'colcon_pkg'
[0.123s] Level 1:colcon.colcon_core.package_identification:_identify(ros2slam) by extensions ['colcon_meta']
[0.123s] Level 1:colcon.colcon_core.package_identification:_identify(ros2slam) by extension 'colcon_meta'
[0.123s] Level 1:colcon.colcon_core.package_identification:_identify(ros2slam) by extensions ['ros']
[0.123s] Level 1:colcon.colcon_core.package_identification:_identify(ros2slam) by extension 'ros'
[0.124s] DEBUG:colcon.colcon_core.package_identification:Package 'ros2slam' with type 'ros.ament_python' and name 'ros2slam'
[0.125s] Level 1:colcon.colcon_core.package_identification:_identify(venv) by extensions ['ignore', 'ignore_ament_install']
[0.125s] Level 1:colcon.colcon_core.package_identification:_identify(venv) by extension 'ignore'
[0.125s] Level 1:colcon.colcon_core.package_identification:_identify(venv) ignored
[0.125s] Level 1:colcon.colcon_core.package_discovery:discover_packages(recursive) using defaults
[0.125s] Level 1:colcon.colcon_core.package_discovery:discover_packages(ignore) discover
[0.125s] Level 1:colcon.colcon_core.package_discovery:discover_packages(ignore) using defaults
[0.125s] Level 1:colcon.colcon_core.package_discovery:discover_packages(path) discover
[0.125s] Level 1:colcon.colcon_core.package_discovery:discover_packages(path) using defaults
[0.137s] Level 1:colcon.colcon_core.package_discovery:discover_packages(prefix_path) check parameters
[0.137s] Level 1:colcon.colcon_core.package_discovery:discover_packages(prefix_path) discover
[0.138s] DEBUG:colcon.colcon_installed_package_information.package_discovery:Found 265 installed packages in /opt/ros/humble
[0.138s] Level 1:colcon.colcon_core.package_discovery:discover_packages(prefix_path) using defaults
[0.151s] Level 5:colcon.colcon_core.verb:set package 'libuvc' build argument 'cmake_args' from command line to 'None'
[0.151s] Level 5:colcon.colcon_core.verb:set package 'libuvc' build argument 'cmake_target' from command line to 'None'
[0.151s] Level 5:colcon.colcon_core.verb:set package 'libuvc' build argument 'cmake_target_skip_unavailable' from command line to 'False'
[0.151s] Level 5:colcon.colcon_core.verb:set package 'libuvc' build argument 'cmake_clean_cache' from command line to 'False'
[0.151s] Level 5:colcon.colcon_core.verb:set package 'libuvc' build argument 'cmake_clean_first' from command line to 'False'
[0.151s] Level 5:colcon.colcon_core.verb:set package 'libuvc' build argument 'cmake_force_configure' from command line to 'False'
[0.151s] Level 5:colcon.colcon_core.verb:set package 'libuvc' build argument 'ament_cmake_args' from command line to 'None'
[0.151s] Level 5:colcon.colcon_core.verb:set package 'libuvc' build argument 'catkin_cmake_args' from command line to 'None'
[0.151s] Level 5:colcon.colcon_core.verb:set package 'libuvc' build argument 'catkin_skip_building_tests' from command line to 'False'
[0.151s] DEBUG:colcon.colcon_core.verb:Building package 'libuvc' with the following arguments: {'ament_cmake_args': None, 'build_base': '/home/sora/slam-arena4/build/libuvc', 'catkin_cmake_args': None, 'catkin_skip_building_tests': False, 'cmake_args': None, 'cmake_clean_cache': False, 'cmake_clean_first': False, 'cmake_force_configure': False, 'cmake_target': None, 'cmake_target_skip_unavailable': False, 'install_base': '/home/sora/slam-arena4/install/libuvc', 'merge_install': False, 'path': '/home/sora/slam-arena4/libuvc', 'symlink_install': True, 'test_result_base': None}
[0.151s] Level 5:colcon.colcon_core.verb:set package 'ros2slam' build argument 'cmake_args' from command line to 'None'
[0.151s] Level 5:colcon.colcon_core.verb:set package 'ros2slam' build argument 'cmake_target' from command line to 'None'
[0.151s] Level 5:colcon.colcon_core.verb:set package 'ros2slam' build argument 'cmake_target_skip_unavailable' from command line to 'False'
[0.151s] Level 5:colcon.colcon_core.verb:set package 'ros2slam' build argument 'cmake_clean_cache' from command line to 'False'
[0.151s] Level 5:colcon.colcon_core.verb:set package 'ros2slam' build argument 'cmake_clean_first' from command line to 'False'
[0.151s] Level 5:colcon.colcon_core.verb:set package 'ros2slam' build argument 'cmake_force_configure' from command line to 'False'
[0.151s] Level 5:colcon.colcon_core.verb:set package 'ros2slam' build argument 'ament_cmake_args' from command line to 'None'
[0.151s] Level 5:colcon.colcon_core.verb:set package 'ros2slam' build argument 'catkin_cmake_args' from command line to 'None'
[0.151s] Level 5:colcon.colcon_core.verb:set package 'ros2slam' build argument 'catkin_skip_building_tests' from command line to 'False'
[0.151s] DEBUG:colcon.colcon_core.verb:Building package 'ros2slam' with the following arguments: {'ament_cmake_args': None, 'build_base': '/home/sora/slam-arena4/build/ros2slam', 'catkin_cmake_args': None, 'catkin_skip_building_tests': False, 'cmake_args': None, 'cmake_clean_cache': False, 'cmake_clean_first': False, 'cmake_force_configure': False, 'cmake_target': None, 'cmake_target_skip_unavailable': False, 'install_base': '/home/sora/slam-arena4/install/ros2slam', 'merge_install': False, 'path': '/home/sora/slam-arena4/ros2slam', 'symlink_install': True, 'test_result_base': None}
[0.151s] INFO:colcon.colcon_core.executor:Executing jobs using 'parallel' executor
[0.152s] DEBUG:colcon.colcon_parallel_executor.executor.parallel:run_until_complete
[0.152s] INFO:colcon.colcon_cmake.task.cmake.build:Building CMake package in '/home/sora/slam-arena4/libuvc'
[0.153s] INFO:colcon.colcon_core.plugin_system:Skipping extension 'colcon_core.shell.bat': Not used on non-Windows systems
[0.153s] INFO:colcon.colcon_core.shell:Skip shell extension 'powershell' for command environment: Not usable outside of PowerShell
[0.153s] DEBUG:colcon.colcon_core.shell:Skip shell extension 'dsv' for command environment
[0.155s] INFO:colcon.colcon_ros.task.ament_python.build:Building ROS package in '/home/sora/slam-arena4/ros2slam' with build type 'ament_python'
[0.155s] Level 1:colcon.colcon_core.shell:create_environment_hook('ros2slam', 'ament_prefix_path')
[0.155s] INFO:colcon.colcon_core.shell:Creating environment hook '/home/sora/slam-arena4/install/ros2slam/share/ros2slam/hook/ament_prefix_path.ps1'
[0.155s] INFO:colcon.colcon_core.shell:Creating environment descriptor '/home/sora/slam-arena4/install/ros2slam/share/ros2slam/hook/ament_prefix_path.dsv'
[0.155s] INFO:colcon.colcon_core.shell:Creating environment hook '/home/sora/slam-arena4/install/ros2slam/share/ros2slam/hook/ament_prefix_path.sh'
[0.156s] INFO:colcon.colcon_core.shell:Skip shell extension 'powershell' for command environment: Not usable outside of PowerShell
[0.156s] DEBUG:colcon.colcon_core.shell:Skip shell extension 'dsv' for command environment
[0.161s] DEBUG:colcon.colcon_core.event_handler.log_command:Invoking command in '/home/sora/slam-arena4/build/libuvc': /usr/bin/cmake --build /home/sora/slam-arena4/build/libuvc -- -j32 -l32
[0.265s] INFO:colcon.colcon_core.task.python.build:Building Python package in '/home/sora/slam-arena4/ros2slam'
[0.266s] INFO:colcon.colcon_core.shell:Skip shell extension 'powershell' for command environment: Not usable outside of PowerShell
[0.266s] DEBUG:colcon.colcon_core.shell:Skip shell extension 'dsv' for command environment
[0.269s] DEBUG:colcon.colcon_core.event_handler.log_command:Invoked command in '/home/sora/slam-arena4/build/libuvc' returned '0': /usr/bin/cmake --build /home/sora/slam-arena4/build/libuvc -- -j32 -l32
[0.276s] DEBUG:colcon.colcon_core.event_handler.log_command:Invoking command in '/home/sora/slam-arena4/build/libuvc': /usr/bin/cmake --install /home/sora/slam-arena4/build/libuvc
[0.281s] Level 1:colcon.colcon_core.environment:create_environment_scripts_only(libuvc)
[0.281s] DEBUG:colcon.colcon_core.event_handler.log_command:Invoked command in '/home/sora/slam-arena4/build/libuvc' returned '0': /usr/bin/cmake --install /home/sora/slam-arena4/build/libuvc
[0.282s] Level 1:colcon.colcon_core.environment:checking '/home/sora/slam-arena4/install/libuvc' for CMake module files
[0.282s] Level 1:colcon.colcon_core.shell:create_environment_hook('libuvc', 'cmake_module_path')
[0.282s] INFO:colcon.colcon_core.shell:Creating environment hook '/home/sora/slam-arena4/install/libuvc/share/libuvc/hook/cmake_module_path.ps1'
[0.282s] INFO:colcon.colcon_core.shell:Creating environment descriptor '/home/sora/slam-arena4/install/libuvc/share/libuvc/hook/cmake_module_path.dsv'
[0.283s] INFO:colcon.colcon_core.shell:Creating environment hook '/home/sora/slam-arena4/install/libuvc/share/libuvc/hook/cmake_module_path.sh'
[0.283s] Level 1:colcon.colcon_core.shell:create_environment_hook('libuvc', 'cmake_module_path1')
[0.283s] INFO:colcon.colcon_core.shell:Creating environment hook '/home/sora/slam-arena4/install/libuvc/share/libuvc/hook/cmake_module_path1.ps1'
[0.283s] INFO:colcon.colcon_core.shell:Creating environment descriptor '/home/sora/slam-arena4/install/libuvc/share/libuvc/hook/cmake_module_path1.dsv'
[0.283s] INFO:colcon.colcon_core.shell:Creating environment hook '/home/sora/slam-arena4/install/libuvc/share/libuvc/hook/cmake_module_path1.sh'
[0.283s] Level 1:colcon.colcon_core.environment:checking '/home/sora/slam-arena4/install/libuvc' for CMake config files
[0.283s] Level 1:colcon.colcon_core.shell:create_environment_hook('libuvc', 'cmake_prefix_path')
[0.284s] INFO:colcon.colcon_core.shell:Creating environment hook '/home/sora/slam-arena4/install/libuvc/share/libuvc/hook/cmake_prefix_path.ps1'
[0.284s] INFO:colcon.colcon_core.shell:Creating environment descriptor '/home/sora/slam-arena4/install/libuvc/share/libuvc/hook/cmake_prefix_path.dsv'
[0.284s] INFO:colcon.colcon_core.shell:Creating environment hook '/home/sora/slam-arena4/install/libuvc/share/libuvc/hook/cmake_prefix_path.sh'
[0.284s] Level 1:colcon.colcon_core.environment:checking '/home/sora/slam-arena4/install/libuvc/lib'
[0.284s] Level 1:colcon.colcon_core.shell:create_environment_hook('libuvc', 'ld_library_path_lib')
[0.284s] INFO:colcon.colcon_core.shell:Creating environment hook '/home/sora/slam-arena4/install/libuvc/share/libuvc/hook/ld_library_path_lib.ps1'
[0.284s] INFO:colcon.colcon_core.shell:Creating environment descriptor '/home/sora/slam-arena4/install/libuvc/share/libuvc/hook/ld_library_path_lib.dsv'
[0.285s] INFO:colcon.colcon_core.shell:Creating environment hook '/home/sora/slam-arena4/install/libuvc/share/libuvc/hook/ld_library_path_lib.sh'
[0.285s] Level 1:colcon.colcon_core.environment:checking '/home/sora/slam-arena4/install/libuvc/bin'
[0.285s] Level 1:colcon.colcon_core.environment:checking '/home/sora/slam-arena4/install/libuvc/lib/pkgconfig/libuvc.pc'
[0.285s] Level 1:colcon.colcon_core.shell:create_environment_hook('libuvc', 'pkg_config')
[0.285s] INFO:colcon.colcon_core.shell:Creating environment hook '/home/sora/slam-arena4/install/libuvc/share/libuvc/hook/pkg_config.ps1'
[0.285s] INFO:colcon.colcon_core.shell:Creating environment descriptor '/home/sora/slam-arena4/install/libuvc/share/libuvc/hook/pkg_config.dsv'
[0.285s] INFO:colcon.colcon_core.shell:Creating environment hook '/home/sora/slam-arena4/install/libuvc/share/libuvc/hook/pkg_config.sh'
[0.285s] Level 1:colcon.colcon_core.environment:checking '/home/sora/slam-arena4/install/libuvc/lib/python3.10/site-packages'
[0.286s] Level 1:colcon.colcon_core.environment:checking '/home/sora/slam-arena4/install/libuvc/bin'
[0.286s] INFO:colcon.colcon_core.shell:Creating package script '/home/sora/slam-arena4/install/libuvc/share/libuvc/package.ps1'
[0.286s] INFO:colcon.colcon_core.shell:Creating package descriptor '/home/sora/slam-arena4/install/libuvc/share/libuvc/package.dsv'
[0.286s] INFO:colcon.colcon_core.shell:Creating package script '/home/sora/slam-arena4/install/libuvc/share/libuvc/package.sh'
[0.287s] INFO:colcon.colcon_core.shell:Creating package script '/home/sora/slam-arena4/install/libuvc/share/libuvc/package.bash'
[0.287s] INFO:colcon.colcon_core.shell:Creating package script '/home/sora/slam-arena4/install/libuvc/share/libuvc/package.zsh'
[0.287s] Level 1:colcon.colcon_core.environment:create_file_with_runtime_dependencies(/home/sora/slam-arena4/install/libuvc/share/colcon-core/packages/libuvc)
[0.434s] DEBUG:colcon.colcon_core.event_handler.log_command:Invoking command in '/home/sora/slam-arena4/build/ros2slam': PYTHONPATH=/home/sora/slam-arena4/build/ros2slam/prefix_override:/usr/lib/python3/dist-packages/colcon_core/task/python/colcon_distutils_commands:/home/sora/slam-arena4/install/ros2slam/lib/python3.10/site-packages:${PYTHONPATH} /usr/bin/python3 -W ignore:setup.py install is deprecated -W ignore:easy_install command is deprecated setup.py develop --editable --build-directory /home/sora/slam-arena4/build/ros2slam/build --no-deps symlink_data
[0.616s] Level 1:colcon.colcon_core.shell:create_environment_hook('ros2slam', 'pythonpath_develop')
[0.616s] INFO:colcon.colcon_core.shell:Creating environment hook '/home/sora/slam-arena4/build/ros2slam/share/ros2slam/hook/pythonpath_develop.ps1'
[0.616s] DEBUG:colcon.colcon_core.event_handler.log_command:Invoked command in '/home/sora/slam-arena4/build/ros2slam' returned '0': PYTHONPATH=/home/sora/slam-arena4/build/ros2slam/prefix_override:/usr/lib/python3/dist-packages/colcon_core/task/python/colcon_distutils_commands:/home/sora/slam-arena4/install/ros2slam/lib/python3.10/site-packages:${PYTHONPATH} /usr/bin/python3 -W ignore:setup.py install is deprecated -W ignore:easy_install command is deprecated setup.py develop --editable --build-directory /home/sora/slam-arena4/build/ros2slam/build --no-deps symlink_data
[0.617s] INFO:colcon.colcon_core.shell:Creating environment descriptor '/home/sora/slam-arena4/build/ros2slam/share/ros2slam/hook/pythonpath_develop.dsv'
[0.617s] INFO:colcon.colcon_core.shell:Creating environment hook '/home/sora/slam-arena4/build/ros2slam/share/ros2slam/hook/pythonpath_develop.sh'
[0.617s] Level 1:colcon.colcon_core.environment:checking '/home/sora/slam-arena4/install/ros2slam' for CMake module files
[0.617s] Level 1:colcon.colcon_core.environment:checking '/home/sora/slam-arena4/install/ros2slam' for CMake config files
[0.617s] Level 1:colcon.colcon_core.environment:checking '/home/sora/slam-arena4/install/ros2slam/lib'
[0.617s] Level 1:colcon.colcon_core.environment:checking '/home/sora/slam-arena4/install/ros2slam/bin'
[0.617s] Level 1:colcon.colcon_core.environment:checking '/home/sora/slam-arena4/install/ros2slam/lib/pkgconfig/ros2slam.pc'
[0.618s] Level 1:colcon.colcon_core.environment:checking '/home/sora/slam-arena4/install/ros2slam/lib/python3.10/site-packages'
[0.618s] Level 1:colcon.colcon_core.shell:create_environment_hook('ros2slam', 'pythonpath')
[0.618s] INFO:colcon.colcon_core.shell:Creating environment hook '/home/sora/slam-arena4/install/ros2slam/share/ros2slam/hook/pythonpath.ps1'
[0.618s] INFO:colcon.colcon_core.shell:Creating environment descriptor '/home/sora/slam-arena4/install/ros2slam/share/ros2slam/hook/pythonpath.dsv'
[0.618s] INFO:colcon.colcon_core.shell:Creating environment hook '/home/sora/slam-arena4/install/ros2slam/share/ros2slam/hook/pythonpath.sh'
[0.618s] Level 1:colcon.colcon_core.environment:checking '/home/sora/slam-arena4/install/ros2slam/bin'
[0.618s] Level 1:colcon.colcon_core.environment:create_environment_scripts_only(ros2slam)
[0.618s] INFO:colcon.colcon_core.shell:Creating package script '/home/sora/slam-arena4/install/ros2slam/share/ros2slam/package.ps1'
[0.619s] INFO:colcon.colcon_core.shell:Creating package descriptor '/home/sora/slam-arena4/install/ros2slam/share/ros2slam/package.dsv'
[0.619s] INFO:colcon.colcon_core.shell:Creating package script '/home/sora/slam-arena4/install/ros2slam/share/ros2slam/package.sh'
[0.619s] INFO:colcon.colcon_core.shell:Creating package script '/home/sora/slam-arena4/install/ros2slam/share/ros2slam/package.bash'
[0.619s] INFO:colcon.colcon_core.shell:Creating package script '/home/sora/slam-arena4/install/ros2slam/share/ros2slam/package.zsh'
[0.619s] Level 1:colcon.colcon_core.environment:create_file_with_runtime_dependencies(/home/sora/slam-arena4/install/ros2slam/share/colcon-core/packages/ros2slam)
[0.619s] DEBUG:colcon.colcon_parallel_executor.executor.parallel:closing loop
[0.619s] DEBUG:colcon.colcon_parallel_executor.executor.parallel:loop closed
[0.619s] DEBUG:colcon.colcon_parallel_executor.executor.parallel:run_until_complete finished with '0'
[0.619s] DEBUG:colcon.colcon_core.event_reactor:joining thread
[0.622s] INFO:colcon.colcon_core.plugin_system:Skipping extension 'colcon_notification.desktop_notification.terminal_notifier': Not used on non-Darwin systems
[0.622s] INFO:colcon.colcon_core.plugin_system:Skipping extension 'colcon_notification.desktop_notification.win32': Not used on non-Windows systems
[0.622s] INFO:colcon.colcon_notification.desktop_notification:Sending desktop notification using 'notify2'
[0.631s] DEBUG:colcon.colcon_core.event_reactor:joined thread
[0.631s] INFO:colcon.colcon_core.shell:Creating prefix script '/home/sora/slam-arena4/install/local_setup.ps1'
[0.632s] INFO:colcon.colcon_core.shell:Creating prefix util module '/home/sora/slam-arena4/install/_local_setup_util_ps1.py'
[0.632s] INFO:colcon.colcon_core.shell:Creating prefix chain script '/home/sora/slam-arena4/install/setup.ps1'
[0.632s] INFO:colcon.colcon_core.shell:Creating prefix script '/home/sora/slam-arena4/install/local_setup.sh'
[0.633s] INFO:colcon.colcon_core.shell:Creating prefix util module '/home/sora/slam-arena4/install/_local_setup_util_sh.py'
[0.633s] INFO:colcon.colcon_core.shell:Creating prefix chain script '/home/sora/slam-arena4/install/setup.sh'
[0.633s] INFO:colcon.colcon_core.shell:Creating prefix script '/home/sora/slam-arena4/install/local_setup.bash'
[0.633s] INFO:colcon.colcon_core.shell:Creating prefix chain script '/home/sora/slam-arena4/install/setup.bash'
[0.634s] INFO:colcon.colcon_core.shell:Creating prefix script '/home/sora/slam-arena4/install/local_setup.zsh'
[0.634s] INFO:colcon.colcon_core.shell:Creating prefix chain script '/home/sora/slam-arena4/install/setup.zsh'
