-- The C compiler identification is GNU 11.4.0
-- Detecting C compiler ABI info
-- Detecting C compiler ABI info - done
-- Check for working C compiler: /usr/bin/cc - skipped
-- Detecting C compile features
-- Detecting C compile features - done
-- No build type selected, default to Release
-- No target type selected, default to both shared and static library
-- Found PkgConfig: /usr/bin/pkg-config (found version "0.29.2") 
-- Checking for module 'libusb-1.0'
--   Found libusb-1.0, version 1.0.25
-- libusb-1.0 found using pkgconfig
-- Found JPEG: /usr/lib/x86_64-linux-gnu/libjpeg.so (found version "80") 
-- Found JPEG library using standard module
-- Found JPEG: /usr/lib/x86_64-linux-gnu/libjpeg.so  
-- Building libuvc with JPEG support.
-- Looking for pthread.h
-- Looking for pthread.h - found
-- Performing Test CMAKE_HAVE_LIBC_PTHREAD
-- Performing Test CMAKE_HAVE_LIBC_PTHREAD - Success
-- Found Threads: TRUE  
-- Configuring done
-- Generating done
-- Build files have been written to: /home/sora/slam-arena4/build/libuvc
[  9%] [32mBuilding C object CMakeFiles/uvc.dir/src/ctrl-gen.c.o[0m
[  9%] [32mBuilding C object CMakeFiles/uvc.dir/src/device.c.o[0m
[ 18%] [32mBuilding C object CMakeFiles/uvc.dir/src/init.c.o[0m
[ 18%] [32mBuilding C object CMakeFiles/uvc_static.dir/src/init.c.o[0m
[ 22%] [32mBuilding C object CMakeFiles/uvc_static.dir/src/ctrl.c.o[0m
[ 27%] [32mBuilding C object CMakeFiles/uvc.dir/src/ctrl.c.o[0m
[ 31%] [32mBuilding C object CMakeFiles/uvc.dir/src/frame.c.o[0m
[ 36%] [32mBuilding C object CMakeFiles/uvc_static.dir/src/ctrl-gen.c.o[0m
[ 40%] [32mBuilding C object CMakeFiles/uvc_static.dir/src/device.c.o[0m
[ 45%] [32mBuilding C object CMakeFiles/uvc_static.dir/src/diag.c.o[0m
[ 50%] [32mBuilding C object CMakeFiles/uvc_static.dir/src/frame.c.o[0m
[ 54%] [32mBuilding C object CMakeFiles/uvc.dir/src/diag.c.o[0m
[ 59%] [32mBuilding C object CMakeFiles/uvc_static.dir/src/frame-mjpeg.c.o[0m
[ 63%] [32mBuilding C object CMakeFiles/uvc.dir/src/stream.c.o[0m
[ 81%] [32mBuilding C object CMakeFiles/uvc_static.dir/src/stream.c.o[0m
[ 81%] [32mBuilding C object CMakeFiles/uvc.dir/src/misc.c.o[0m
[ 81%] [32mBuilding C object CMakeFiles/uvc.dir/src/frame-mjpeg.c.o[0m
[ 81%] [32mBuilding C object CMakeFiles/uvc_static.dir/src/misc.c.o[0m
[ 86%] [32m[1mLinking C shared library libuvc.so[0m
[ 86%] Built target uvc
[ 90%] [32m[1mLinking C static library libuvc.a[0m
[ 95%] [32mBuilding C object CMakeFiles/example.dir/src/example.c.o[0m
[100%] [32m[1mLinking C executable example[0m
[100%] Built target uvc_static
[100%] Built target example
-- Install configuration: "Release"
-- Installing: /home/sora/slam-arena4/install/libuvc/lib/libuvc.so.0.0.7
-- Installing: /home/sora/slam-arena4/install/libuvc/lib/libuvc.so.0
-- Installing: /home/sora/slam-arena4/install/libuvc/lib/libuvc.so
-- Installing: /home/sora/slam-arena4/install/libuvc/include/libuvc/libuvc.h
-- Installing: /home/sora/slam-arena4/install/libuvc/include/libuvc/libuvc_config.h
-- Installing: /home/sora/slam-arena4/install/libuvc/lib/libuvc.a
-- Up-to-date: /home/sora/slam-arena4/install/libuvc/include/libuvc/libuvc.h
-- Up-to-date: /home/sora/slam-arena4/install/libuvc/include/libuvc/libuvc_config.h
-- Installing: /home/sora/slam-arena4/install/libuvc/lib/cmake/libuvc/libuvcTargets.cmake
-- Installing: /home/sora/slam-arena4/install/libuvc/lib/cmake/libuvc/libuvcTargets-release.cmake
-- Installing: /home/sora/slam-arena4/install/libuvc/lib/cmake/libuvc/FindLibUSB.cmake
-- Installing: /home/sora/slam-arena4/install/libuvc/lib/cmake/libuvc/FindJpegPkg.cmake
-- Installing: /home/sora/slam-arena4/install/libuvc/lib/cmake/libuvc/libuvcConfigVersion.cmake
-- Installing: /home/sora/slam-arena4/install/libuvc/lib/pkgconfig/libuvc.pc
-- Installing: /home/sora/slam-arena4/install/libuvc/lib/cmake/libuvc/libuvcConfig.cmake
