[0.332s] Invoking command in '/home/sora/slam-arena4/build/ros2slam': PYTHONPATH=/home/sora/slam-arena4/build/ros2slam/prefix_override:/usr/lib/python3/dist-packages/colcon_core/task/python/colcon_distutils_commands:/home/sora/slam-arena4/install/ros2slam/lib/python3.10/site-packages:${PYTHONPATH} /usr/bin/python3 -W ignore:setup.py install is deprecated -W ignore:easy_install command is deprecated setup.py develop --editable --build-directory /home/sora/slam-arena4/build/ros2slam/build --no-deps symlink_data
[0.461s] running develop
[0.532s] running egg_info
[0.532s] creating ros2slam.egg-info
[0.532s] writing ros2slam.egg-info/PKG-INFO
[0.532s] writing dependency_links to ros2slam.egg-info/dependency_links.txt
[0.532s] writing entry points to ros2slam.egg-info/entry_points.txt
[0.532s] writing requirements to ros2slam.egg-info/requires.txt
[0.532s] writing top-level names to ros2slam.egg-info/top_level.txt
[0.532s] writing manifest file 'ros2slam.egg-info/SOURCES.txt'
[0.533s] reading manifest file 'ros2slam.egg-info/SOURCES.txt'
[0.533s] writing manifest file 'ros2slam.egg-info/SOURCES.txt'
[0.534s] running build_ext
[0.534s] Creating /home/sora/slam-arena4/install/ros2slam/lib/python3.10/site-packages/ros2slam.egg-link (link to .)
[0.534s] Installing depth_camera script to /home/sora/slam-arena4/install/ros2slam/lib/ros2slam
[0.534s] Installing depth_publisher script to /home/sora/slam-arena4/install/ros2slam/lib/ros2slam
[0.534s] 
[0.534s] Installed /home/sora/slam-arena4/build/ros2slam
[0.534s] running symlink_data
[0.534s] creating /home/sora/slam-arena4/install/ros2slam/share/ament_index
[0.534s] creating /home/sora/slam-arena4/install/ros2slam/share/ament_index/resource_index
[0.534s] creating /home/sora/slam-arena4/install/ros2slam/share/ament_index/resource_index/packages
[0.535s] symbolically linking /home/sora/slam-arena4/build/ros2slam/resource/ros2slam -> /home/sora/slam-arena4/install/ros2slam/share/ament_index/resource_index/packages
[0.535s] symbolically linking /home/sora/slam-arena4/build/ros2slam/package.xml -> /home/sora/slam-arena4/install/ros2slam/share/ros2slam
[0.535s] symbolically linking /home/sora/slam-arena4/build/ros2slam/launch/depth_camera.launch.py -> /home/sora/slam-arena4/install/ros2slam/share/ros2slam
[0.535s] symbolically linking /home/sora/slam-arena4/build/ros2slam/launch/depth_viewer.launch.py -> /home/sora/slam-arena4/install/ros2slam/share/ros2slam
[0.549s] Invoked command in '/home/sora/slam-arena4/build/ros2slam' returned '0': PYTHONPATH=/home/sora/slam-arena4/build/ros2slam/prefix_override:/usr/lib/python3/dist-packages/colcon_core/task/python/colcon_distutils_commands:/home/sora/slam-arena4/install/ros2slam/lib/python3.10/site-packages:${PYTHONPATH} /usr/bin/python3 -W ignore:setup.py install is deprecated -W ignore:easy_install command is deprecated setup.py develop --editable --build-directory /home/sora/slam-arena4/build/ros2slam/build --no-deps symlink_data
