[0.008s] Invoking command in '/home/sora/slam-arena4/build/libuvc': /usr/bin/cmake --build /home/sora/slam-arena4/build/libuvc -- -j32 -l32
[0.040s] [ 45%] Built target uvc
[0.041s] [ 90%] Built target uvc_static
[0.053s] [100%] Built target example
[0.116s] Invoked command in '/home/sora/slam-arena4/build/libuvc' returned '0': /usr/bin/cmake --build /home/sora/slam-arena4/build/libuvc -- -j32 -l32
[0.123s] Invoking command in '/home/sora/slam-arena4/build/libuvc': /usr/bin/cmake --install /home/sora/slam-arena4/build/libuvc
[0.127s] -- Install configuration: "Release"
[0.127s] -- Up-to-date: /home/sora/slam-arena4/install/libuvc/lib/libuvc.so.0.0.7
[0.127s] -- Up-to-date: /home/sora/slam-arena4/install/libuvc/lib/libuvc.so.0
[0.127s] -- Up-to-date: /home/sora/slam-arena4/install/libuvc/lib/libuvc.so
[0.127s] -- Up-to-date: /home/sora/slam-arena4/install/libuvc/include/libuvc/libuvc.h
[0.127s] -- Up-to-date: /home/sora/slam-arena4/install/libuvc/include/libuvc/libuvc_config.h
[0.127s] -- Up-to-date: /home/sora/slam-arena4/install/libuvc/lib/libuvc.a
[0.127s] -- Up-to-date: /home/sora/slam-arena4/install/libuvc/include/libuvc/libuvc.h
[0.128s] -- Up-to-date: /home/sora/slam-arena4/install/libuvc/include/libuvc/libuvc_config.h
[0.128s] -- Up-to-date: /home/sora/slam-arena4/install/libuvc/lib/cmake/libuvc/libuvcTargets.cmake
[0.128s] -- Up-to-date: /home/sora/slam-arena4/install/libuvc/lib/cmake/libuvc/libuvcTargets-release.cmake
[0.128s] -- Up-to-date: /home/sora/slam-arena4/install/libuvc/lib/cmake/libuvc/FindLibUSB.cmake
[0.128s] -- Up-to-date: /home/sora/slam-arena4/install/libuvc/lib/cmake/libuvc/FindJpegPkg.cmake
[0.128s] -- Up-to-date: /home/sora/slam-arena4/install/libuvc/lib/cmake/libuvc/libuvcConfigVersion.cmake
[0.128s] -- Up-to-date: /home/sora/slam-arena4/install/libuvc/lib/pkgconfig/libuvc.pc
[0.128s] -- Up-to-date: /home/sora/slam-arena4/install/libuvc/lib/cmake/libuvc/libuvcConfig.cmake
[0.129s] Invoked command in '/home/sora/slam-arena4/build/libuvc' returned '0': /usr/bin/cmake --install /home/sora/slam-arena4/build/libuvc
