running develop
running egg_info
creating ros2slam.egg-info
writing ros2slam.egg-info/PKG-INFO
writing dependency_links to ros2slam.egg-info/dependency_links.txt
writing entry points to ros2slam.egg-info/entry_points.txt
writing requirements to ros2slam.egg-info/requires.txt
writing top-level names to ros2slam.egg-info/top_level.txt
writing manifest file 'ros2slam.egg-info/SOURCES.txt'
reading manifest file 'ros2slam.egg-info/SOURCES.txt'
writing manifest file 'ros2slam.egg-info/SOURCES.txt'
running build_ext
Creating /home/sora/slam-arena4/install/ros2slam/lib/python3.10/site-packages/ros2slam.egg-link (link to .)
Installing depth_publisher script to /home/sora/slam-arena4/install/ros2slam/lib/ros2slam

Installed /home/sora/slam-arena4/build/ros2slam
running symlink_data
creating /home/sora/slam-arena4/install/ros2slam/share/ament_index
creating /home/sora/slam-arena4/install/ros2slam/share/ament_index/resource_index
creating /home/sora/slam-arena4/install/ros2slam/share/ament_index/resource_index/packages
symbolically linking /home/sora/slam-arena4/build/ros2slam/resource/ros2slam -> /home/sora/slam-arena4/install/ros2slam/share/ament_index/resource_index/packages
symbolically linking /home/sora/slam-arena4/build/ros2slam/package.xml -> /home/sora/slam-arena4/install/ros2slam/share/ros2slam
symbolically linking /home/sora/slam-arena4/build/ros2slam/launch/depth_viewer.launch.py -> /home/sora/slam-arena4/install/ros2slam/share/ros2slam
